============================= test session starts ==============================
platform linux -- Python 3.10.6, pytest-7.3.1, pluggy-1.0.0 -- /home/jake/.pyenv/versions/3.10.6/envs/taxifare-env/bin/python3.10
cachedir: .pytest_cache
rootdir: /home/jake/code/jake-humphreys/data-fast-api/tests
configfile: pytest_kitt.ini
plugins: anyio-3.7.0, asyncio-0.21.0
asyncio: mode=strict
collecting ... collected 12 items

tests/api/test_cloud_endpoints.py::test_root_is_up PASSED                [  8%]
tests/api/test_cloud_endpoints.py::test_root_returns_greeting PASSED     [ 16%]
tests/api/test_cloud_endpoints.py::test_predict_is_up PASSED             [ 25%]
tests/api/test_cloud_endpoints.py::test_predict_is_dict PASSED           [ 33%]
tests/api/test_cloud_endpoints.py::test_predict_has_key PASSED           [ 41%]
tests/api/test_cloud_endpoints.py::test_cloud_api_predict PASSED         [ 50%]
tests/api/test_endpoints.py::test_root_is_up PASSED                      [ 58%]
tests/api/test_endpoints.py::test_root_returns_greeting PASSED           [ 66%]
tests/api/test_endpoints.py::test_predict_is_up PASSED                   [ 75%]
tests/api/test_endpoints.py::test_predict_is_dict PASSED                 [ 83%]
tests/api/test_endpoints.py::test_predict_has_key PASSED                 [ 91%]
tests/api/test_endpoints.py::test_predict_val_is_float PASSED            [100%]

======================= 12 passed, 15 warnings in 22.50s =======================
